Traceback (most recent call last):
  File "/home/ian/mambaforge/envs/voters/lib/python3.11/site-packages/jupyter_cache/executors/utils.py", line 58, in single_nb_execution
    executenb(
  File "/home/ian/mambaforge/envs/voters/lib/python3.11/site-packages/nbclient/client.py", line 1305, in execute
    return NotebookClient(nb=nb, resources=resources, km=km, **kwargs).execute()
           ^^^^^^^^^^^^^^^^^^^^^^^^^^^^^^^^^^^^^^^^^^^^^^^^^^^^^^^^^^^^^^^^^^^^^
  File "/home/ian/mambaforge/envs/voters/lib/python3.11/site-packages/jupyter_core/utils/__init__.py", line 166, in wrapped
    return loop.run_until_complete(inner)
           ^^^^^^^^^^^^^^^^^^^^^^^^^^^^^^
  File "/home/ian/mambaforge/envs/voters/lib/python3.11/asyncio/base_events.py", line 653, in run_until_complete
    return future.result()
           ^^^^^^^^^^^^^^^
  File "/home/ian/mambaforge/envs/voters/lib/python3.11/site-packages/nbclient/client.py", line 705, in async_execute
    await self.async_execute_cell(
  File "/home/ian/mambaforge/envs/voters/lib/python3.11/site-packages/nbclient/client.py", line 1058, in async_execute_cell
    await self._check_raise_for_error(cell, cell_index, exec_reply)
  File "/home/ian/mambaforge/envs/voters/lib/python3.11/site-packages/nbclient/client.py", line 914, in _check_raise_for_error
    raise CellExecutionError.from_cell_and_msg(cell, exec_reply_content)
nbclient.exceptions.CellExecutionError: An error occurred while executing the following cell:
------------------
voters_2022 = load_year(
    "11-8-22 Voter History 49ANP_269498.txt", "49VOT_267488 nov 2022 voting list.txt"
)
voters_2020 = load_year(
    "11-3-20 Voter History 49ANP_225530.txt", "49VOT_224084 november 2020 election.txt"
)
voters_2018 = load_year(
    "11-6-18 Voter History 49ANP_162771.txt", "49VOT_162354 - Nov 6 2018 Election.txt"
)
voters_2016 = load_year(
    "11-8-16 Voter History 49ANP_140283.txt", "49VOT_139226 - Nov 8 2016.txt"
)
voters_2014 = load_year(
    "11-4-2014 State Election 49ANP_120872.txt", "49VOT_120372 - nov 4 2014.txt"
)
voters_2012 = load_year(
    "11.6.2012 StatePres 49ANP_103892.txt", "49VOT_103340 Nov 2012 election.txt"
)

voters_2021 = load_year(
    "11-2-21 Voter History 49ANP_239643.txt", "49VOT_238743 Nov 2021 election.txt"
)
voters_2019 = load_year(
    "11-5-19 Voter History 49ANP_202374.txt", "49VOT_199524 - Nov 2019 election.txt"
)
voters_2017 = load_year(
    "11.7.17 Voter History 49ANP_150723.txt", "49VOT_150177 - nov 7 2017.txt"
)
voters_2015 = load_year(
    "11.3.15 Voter History 49ANP_129528.txt", "49VOT_128567 - Nov 3, 2015.txt"
)
voters_2013 = load_year(
    "11.5.13 Municipal Election 49ANP_112159.txt", "49VOT_111500 - nov 5, 2013.txt"
)
voters_2011 = load_year(
    "11.8.2011 Voter History 49ANP_91255.txt", "49VOT_90931 Nov 2011 election.txt"
)
------------------


[0;31m---------------------------------------------------------------------------[0m
[0;31mFileNotFoundError[0m                         Traceback (most recent call last)
Cell [0;32mIn[3], line 1[0m
[0;32m----> 1[0m voters_2022 [38;5;241m=[39m [43mload_year[49m[43m([49m
[1;32m      2[0m [43m    [49m[38;5;124;43m"[39;49m[38;5;124;43m11-8-22 Voter History 49ANP_269498.txt[39;49m[38;5;124;43m"[39;49m[43m,[49m[43m [49m[38;5;124;43m"[39;49m[38;5;124;43m49VOT_267488 nov 2022 voting list.txt[39;49m[38;5;124;43m"[39;49m
[1;32m      3[0m [43m)[49m
[1;32m      4[0m voters_2020 [38;5;241m=[39m load_year(
[1;32m      5[0m     [38;5;124m"[39m[38;5;124m11-3-20 Voter History 49ANP_225530.txt[39m[38;5;124m"[39m, [38;5;124m"[39m[38;5;124m49VOT_224084 november 2020 election.txt[39m[38;5;124m"[39m
[1;32m      6[0m )
[1;32m      7[0m voters_2018 [38;5;241m=[39m load_year(
[1;32m      8[0m     [38;5;124m"[39m[38;5;124m11-6-18 Voter History 49ANP_162771.txt[39m[38;5;124m"[39m, [38;5;124m"[39m[38;5;124m49VOT_162354 - Nov 6 2018 Election.txt[39m[38;5;124m"[39m
[1;32m      9[0m )

Cell [0;32mIn[2], line 12[0m, in [0;36mload_year[0;34m(voter_history, voter_list)[0m
[1;32m      8[0m [38;5;28;01mdef[39;00m [38;5;21mload_year[39m(
[1;32m      9[0m     voter_history: [38;5;28mstr[39m,
[1;32m     10[0m     voter_list: [38;5;28mstr[39m,
[1;32m     11[0m ):
[0;32m---> 12[0m     history [38;5;241m=[39m [43mload_try_encodings[49m[43m([49m[43mvoter_history[49m[43m)[49m
[1;32m     13[0m     vlist [38;5;241m=[39m load_try_encodings(voter_list)
[1;32m     14[0m     [38;5;66;03m#     history = pd.read_csv(voter_history, delimiter="|", encoding="utf-8")[39;00m
[1;32m     15[0m     [38;5;66;03m# except UnicodeDecodeError:[39;00m
[1;32m     16[0m     [38;5;66;03m#     history = pd.read_csv(voter_history, delimiter="|", encoding="ISO-8859-1")[39;00m
[1;32m     17[0m     [38;5;66;03m# vlist = pd.read_csv(voter_list, delimiter="|", encoding = "ISO-8859-1")[39;00m
[1;32m     18[0m     [38;5;66;03m# history = pd.read_csv("11-2-21 Voter History 49ANP_239643.txt", delimiter="|")[39;00m
[1;32m     19[0m     [38;5;66;03m# vlist = pd.read_csv("49VOT_238743 Nov 2021 election.txt", delimiter="|", encoding = "ISO-8859-1")[39;00m

Cell [0;32mIn[2], line 3[0m, in [0;36mload_try_encodings[0;34m(file)[0m
[1;32m      1[0m [38;5;28;01mdef[39;00m [38;5;21mload_try_encodings[39m(file: [38;5;28mstr[39m):
[1;32m      2[0m     [38;5;28;01mtry[39;00m:
[0;32m----> 3[0m         [38;5;28;01mreturn[39;00m [43mpd[49m[38;5;241;43m.[39;49m[43mread_csv[49m[43m([49m[43mfile[49m[43m,[49m[43m [49m[43mdelimiter[49m[38;5;241;43m=[39;49m[38;5;124;43m"[39;49m[38;5;124;43m|[39;49m[38;5;124;43m"[39;49m[43m,[49m[43m [49m[43mencoding[49m[38;5;241;43m=[39;49m[38;5;124;43m"[39;49m[38;5;124;43mutf-8[39;49m[38;5;124;43m"[39;49m[43m)[49m
[1;32m      4[0m     [38;5;28;01mexcept[39;00m [38;5;167;01mUnicodeDecodeError[39;00m:
[1;32m      5[0m         [38;5;28;01mreturn[39;00m pd[38;5;241m.[39mread_csv(file, delimiter[38;5;241m=[39m[38;5;124m"[39m[38;5;124m|[39m[38;5;124m"[39m, encoding[38;5;241m=[39m[38;5;124m"[39m[38;5;124mISO-8859-1[39m[38;5;124m"[39m)

File [0;32m~/mambaforge/envs/voters/lib/python3.11/site-packages/pandas/io/parsers/readers.py:948[0m, in [0;36mread_csv[0;34m(filepath_or_buffer, sep, delimiter, header, names, index_col, usecols, dtype, engine, converters, true_values, false_values, skipinitialspace, skiprows, skipfooter, nrows, na_values, keep_default_na, na_filter, verbose, skip_blank_lines, parse_dates, infer_datetime_format, keep_date_col, date_parser, date_format, dayfirst, cache_dates, iterator, chunksize, compression, thousands, decimal, lineterminator, quotechar, quoting, doublequote, escapechar, comment, encoding, encoding_errors, dialect, on_bad_lines, delim_whitespace, low_memory, memory_map, float_precision, storage_options, dtype_backend)[0m
[1;32m    935[0m kwds_defaults [38;5;241m=[39m _refine_defaults_read(
[1;32m    936[0m     dialect,
[1;32m    937[0m     delimiter,
[0;32m   (...)[0m
[1;32m    944[0m     dtype_backend[38;5;241m=[39mdtype_backend,
[1;32m    945[0m )
[1;32m    946[0m kwds[38;5;241m.[39mupdate(kwds_defaults)
[0;32m--> 948[0m [38;5;28;01mreturn[39;00m [43m_read[49m[43m([49m[43mfilepath_or_buffer[49m[43m,[49m[43m [49m[43mkwds[49m[43m)[49m

File [0;32m~/mambaforge/envs/voters/lib/python3.11/site-packages/pandas/io/parsers/readers.py:611[0m, in [0;36m_read[0;34m(filepath_or_buffer, kwds)[0m
[1;32m    608[0m _validate_names(kwds[38;5;241m.[39mget([38;5;124m"[39m[38;5;124mnames[39m[38;5;124m"[39m, [38;5;28;01mNone[39;00m))
[1;32m    610[0m [38;5;66;03m# Create the parser.[39;00m
[0;32m--> 611[0m parser [38;5;241m=[39m [43mTextFileReader[49m[43m([49m[43mfilepath_or_buffer[49m[43m,[49m[43m [49m[38;5;241;43m*[39;49m[38;5;241;43m*[39;49m[43mkwds[49m[43m)[49m
[1;32m    613[0m [38;5;28;01mif[39;00m chunksize [38;5;129;01mor[39;00m iterator:
[1;32m    614[0m     [38;5;28;01mreturn[39;00m parser

File [0;32m~/mambaforge/envs/voters/lib/python3.11/site-packages/pandas/io/parsers/readers.py:1448[0m, in [0;36mTextFileReader.__init__[0;34m(self, f, engine, **kwds)[0m
[1;32m   1445[0m     [38;5;28mself[39m[38;5;241m.[39moptions[[38;5;124m"[39m[38;5;124mhas_index_names[39m[38;5;124m"[39m] [38;5;241m=[39m kwds[[38;5;124m"[39m[38;5;124mhas_index_names[39m[38;5;124m"[39m]
[1;32m   1447[0m [38;5;28mself[39m[38;5;241m.[39mhandles: IOHandles [38;5;241m|[39m [38;5;28;01mNone[39;00m [38;5;241m=[39m [38;5;28;01mNone[39;00m
[0;32m-> 1448[0m [38;5;28mself[39m[38;5;241m.[39m_engine [38;5;241m=[39m [38;5;28;43mself[39;49m[38;5;241;43m.[39;49m[43m_make_engine[49m[43m([49m[43mf[49m[43m,[49m[43m [49m[38;5;28;43mself[39;49m[38;5;241;43m.[39;49m[43mengine[49m[43m)[49m

File [0;32m~/mambaforge/envs/voters/lib/python3.11/site-packages/pandas/io/parsers/readers.py:1705[0m, in [0;36mTextFileReader._make_engine[0;34m(self, f, engine)[0m
[1;32m   1703[0m     [38;5;28;01mif[39;00m [38;5;124m"[39m[38;5;124mb[39m[38;5;124m"[39m [38;5;129;01mnot[39;00m [38;5;129;01min[39;00m mode:
[1;32m   1704[0m         mode [38;5;241m+[39m[38;5;241m=[39m [38;5;124m"[39m[38;5;124mb[39m[38;5;124m"[39m
[0;32m-> 1705[0m [38;5;28mself[39m[38;5;241m.[39mhandles [38;5;241m=[39m [43mget_handle[49m[43m([49m
[1;32m   1706[0m [43m    [49m[43mf[49m[43m,[49m
[1;32m   1707[0m [43m    [49m[43mmode[49m[43m,[49m
[1;32m   1708[0m [43m    [49m[43mencoding[49m[38;5;241;43m=[39;49m[38;5;28;43mself[39;49m[38;5;241;43m.[39;49m[43moptions[49m[38;5;241;43m.[39;49m[43mget[49m[43m([49m[38;5;124;43m"[39;49m[38;5;124;43mencoding[39;49m[38;5;124;43m"[39;49m[43m,[49m[43m [49m[38;5;28;43;01mNone[39;49;00m[43m)[49m[43m,[49m
[1;32m   1709[0m [43m    [49m[43mcompression[49m[38;5;241;43m=[39;49m[38;5;28;43mself[39;49m[38;5;241;43m.[39;49m[43moptions[49m[38;5;241;43m.[39;49m[43mget[49m[43m([49m[38;5;124;43m"[39;49m[38;5;124;43mcompression[39;49m[38;5;124;43m"[39;49m[43m,[49m[43m [49m[38;5;28;43;01mNone[39;49;00m[43m)[49m[43m,[49m
[1;32m   1710[0m [43m    [49m[43mmemory_map[49m[38;5;241;43m=[39;49m[38;5;28;43mself[39;49m[38;5;241;43m.[39;49m[43moptions[49m[38;5;241;43m.[39;49m[43mget[49m[43m([49m[38;5;124;43m"[39;49m[38;5;124;43mmemory_map[39;49m[38;5;124;43m"[39;49m[43m,[49m[43m [49m[38;5;28;43;01mFalse[39;49;00m[43m)[49m[43m,[49m
[1;32m   1711[0m [43m    [49m[43mis_text[49m[38;5;241;43m=[39;49m[43mis_text[49m[43m,[49m
[1;32m   1712[0m [43m    [49m[43merrors[49m[38;5;241;43m=[39;49m[38;5;28;43mself[39;49m[38;5;241;43m.[39;49m[43moptions[49m[38;5;241;43m.[39;49m[43mget[49m[43m([49m[38;5;124;43m"[39;49m[38;5;124;43mencoding_errors[39;49m[38;5;124;43m"[39;49m[43m,[49m[43m [49m[38;5;124;43m"[39;49m[38;5;124;43mstrict[39;49m[38;5;124;43m"[39;49m[43m)[49m[43m,[49m
[1;32m   1713[0m [43m    [49m[43mstorage_options[49m[38;5;241;43m=[39;49m[38;5;28;43mself[39;49m[38;5;241;43m.[39;49m[43moptions[49m[38;5;241;43m.[39;49m[43mget[49m[43m([49m[38;5;124;43m"[39;49m[38;5;124;43mstorage_options[39;49m[38;5;124;43m"[39;49m[43m,[49m[43m [49m[38;5;28;43;01mNone[39;49;00m[43m)[49m[43m,[49m
[1;32m   1714[0m [43m[49m[43m)[49m
[1;32m   1715[0m [38;5;28;01massert[39;00m [38;5;28mself[39m[38;5;241m.[39mhandles [38;5;129;01mis[39;00m [38;5;129;01mnot[39;00m [38;5;28;01mNone[39;00m
[1;32m   1716[0m f [38;5;241m=[39m [38;5;28mself[39m[38;5;241m.[39mhandles[38;5;241m.[39mhandle

File [0;32m~/mambaforge/envs/voters/lib/python3.11/site-packages/pandas/io/common.py:872[0m, in [0;36mget_handle[0;34m(path_or_buf, mode, encoding, compression, memory_map, is_text, errors, storage_options)[0m
[1;32m    863[0m         handle [38;5;241m=[39m [38;5;28mopen[39m(
[1;32m    864[0m             handle,
[1;32m    865[0m             ioargs[38;5;241m.[39mmode,
[0;32m   (...)[0m
[1;32m    868[0m             newline[38;5;241m=[39m[38;5;124m"[39m[38;5;124m"[39m,
[1;32m    869[0m         )
[1;32m    870[0m     [38;5;28;01melse[39;00m:
[1;32m    871[0m         [38;5;66;03m# Binary mode[39;00m
[0;32m--> 872[0m         handle [38;5;241m=[39m [38;5;28;43mopen[39;49m[43m([49m[43mhandle[49m[43m,[49m[43m [49m[43mioargs[49m[38;5;241;43m.[39;49m[43mmode[49m[43m)[49m
[1;32m    873[0m     handles[38;5;241m.[39mappend(handle)
[1;32m    875[0m [38;5;66;03m# Convert BytesIO or file objects passed with an encoding[39;00m

[0;31mFileNotFoundError[0m: [Errno 2] No such file or directory: '11-8-22 Voter History 49ANP_269498.txt'

